<?xml version="1.0" encoding="UTF-8"?>
<!-- Generated by org.testng.reporters.JUnitXMLReporter -->
<testsuite ignored="0" hostname="IM-LP-2521" failures="3" tests="10" name="Events.xml" time="42.348" errors="0" timestamp="2024-02-20T19:15:34 IST">
  <testcase classname="org.aia.pages.BaseClass" name="@AfterClass tearDown" time="0.004">
    <failure type="java.lang.NullPointerException" message="Cannot invoke &amp;quot;org.openqa.selenium.WebDriver.quit()&amp;quot; because &amp;quot;driver&amp;quot; is null">
      <![CDATA[java.lang.NullPointerException: Cannot invoke "org.openqa.selenium.WebDriver.quit()" because "driver" is null
at org.aia.utility.BrowserSetup.closeBrowser(BrowserSetup.java:85)
at org.aia.pages.BaseClass.tearDown(BaseClass.java:89)
at java.base/java.util.concurrent.ThreadPoolExecutor.runWorker(ThreadPoolExecutor.java:1136)
at java.base/java.util.concurrent.ThreadPoolExecutor$Worker.run(ThreadPoolExecutor.java:635)
at java.base/java.lang.Thread.run(Thread.java:840)
... Removed 11 stack frames]]>
    </failure>
  </testcase> <!-- @AfterClass tearDown -->
  <testcase classname="org.aia.testcases.ces.SampleTest" name="Test1" time="0.055">
    <skipped/>
  </testcase> <!-- Test1 -->
  <testcase classname="org.aia.testcases.ces.SampleTest" name="Test1" time="0.003">
    <skipped/>
  </testcase> <!-- Test1 -->
  <testcase classname="org.aia.testcases.ces.SampleTest" name="Test1" time="0.004">
    <failure type="java.lang.NullPointerException" message="Cannot invoke &amp;quot;String.contains(java.lang.CharSequence)&amp;quot; because &amp;quot;string&amp;quot; is null">
      <![CDATA[java.lang.NullPointerException: Cannot invoke "String.contains(java.lang.CharSequence)" because "string" is null
at com.aventstack.extentreports.model.Media.setBase64String(Media.java:111)
at com.aventstack.extentreports.ExtentTest.addScreenCaptureFromBase64String(ExtentTest.java:1153)
at com.aventstack.extentreports.ExtentTest.addScreenCaptureFromBase64String(ExtentTest.java:1169)
at org.aia.testcases.ces.SampleTest.Test1(SampleTest.java:24)
at java.base/java.util.concurrent.ThreadPoolExecutor.runWorker(ThreadPoolExecutor.java:1136)
at java.base/java.util.concurrent.ThreadPoolExecutor$Worker.run(ThreadPoolExecutor.java:635)
at java.base/java.lang.Thread.run(Thread.java:840)
... Removed 12 stack frames]]>
    </failure>
  </testcase> <!-- Test1 -->
  <testcase classname="org.aia.testcases.ces.SampleTest" name="Test2" time="6.031">
    <skipped/>
  </testcase> <!-- Test2 -->
  <testcase classname="org.aia.testcases.ces.SampleTest" name="Test2" time="6.009">
    <skipped/>
  </testcase> <!-- Test2 -->
  <testcase classname="org.aia.testcases.ces.SampleTest" name="Test2" time="6.014">
    <failure type="java.lang.AssertionError" message="expected [true] but found [false]">
      <![CDATA[java.lang.AssertionError: expected [true] but found [false]
at org.aia.testcases.ces.SampleTest.Test2(SampleTest.java:40)
at java.base/java.util.concurrent.ThreadPoolExecutor.runWorker(ThreadPoolExecutor.java:1136)
at java.base/java.util.concurrent.ThreadPoolExecutor$Worker.run(ThreadPoolExecutor.java:635)
at java.base/java.lang.Thread.run(Thread.java:840)
... Removed 16 stack frames]]>
    </failure>
  </testcase> <!-- Test2 -->
  <testcase classname="org.aia.testcases.ces.SampleTest" name="Test3" time="6.016"/>
  <testcase classname="org.aia.testcases.ces.SampleTest" name="Test4" time="6.009">
    <skipped/>
  </testcase> <!-- Test4 -->
  <testcase classname="org.aia.testcases.ces.SampleTest" name="Test4" time="6.019">
    <skipped/>
  </testcase> <!-- Test4 -->
  <testcase classname="org.aia.testcases.ces.SampleTest" name="Test4" time="6.019">
    <failure type="java.lang.AssertionError" message="expected [true] but found [false]">
      <![CDATA[java.lang.AssertionError: expected [true] but found [false]
at org.aia.testcases.ces.SampleTest.Test4(SampleTest.java:63)
at java.base/java.util.concurrent.ThreadPoolExecutor.runWorker(ThreadPoolExecutor.java:1136)
at java.base/java.util.concurrent.ThreadPoolExecutor$Worker.run(ThreadPoolExecutor.java:635)
at java.base/java.lang.Thread.run(Thread.java:840)
... Removed 16 stack frames]]>
    </failure>
  </testcase> <!-- Test4 -->
</testsuite> <!-- Events.xml -->
