<?xml version="1.0" encoding="UTF-8"?>
<testng-results ignored="1" total="2" passed="0" failed="1" skipped="0">
  <reporter-output>
    <line>
      <![CDATA[LOG: INFO : Creating browser instances]]>
    </line>
    <line>
      <![CDATA[LOG: INFO : Browser instance is ready ]]>
    </line>
    <line>
      <![CDATA[LOG : INFO -Config File loaded]]>
    </line>
    <line>
      <![CDATA[LOG : INFO -Config File loaded]]>
    </line>
    <line>
      <![CDATA[LOG : INFO -Config File loaded]]>
    </line>
    <line>
      <![CDATA[LOG : INFO -Config File loaded]]>
    </line>
    <line>
      <![CDATA[LOG : INFO -Config File loaded]]>
    </line>
    <line>
      <![CDATA[LOG : INFO -Config File loaded]]>
    </line>
    <line>
      <![CDATA[LOG : INFO -Config File loaded]]>
    </line>
    <line>
      <![CDATA[LOG : INFO -Config File loaded]]>
    </line>
    <line>
      <![CDATA[LOG : INFO -Config File loaded]]>
    </line>
    <line>
      <![CDATA[LOG : INFO -Config File loaded]]>
    </line>
    <line>
      <![CDATA[LOG : INFO -Config File loaded]]>
    </line>
    <line>
      <![CDATA[LOG : INFO -Config File loaded]]>
    </line>
    <line>
      <![CDATA[LOG : INFO -Config File loaded]]>
    </line>
    <line>
      <![CDATA[LOG : INFO -Config File loaded]]>
    </line>
    <line>
      <![CDATA[LOG : INFO -Config File loaded]]>
    </line>
    <line>
      <![CDATA[LOG : INFO -Config File loaded]]>
    </line>
    <line>
      <![CDATA[LOG : INFO -Config File loaded]]>
    </line>
    <line>
      <![CDATA[LOG : INFO -Config File loaded]]>
    </line>
    <line>
      <![CDATA[LOG : INFO -Config File loaded]]>
    </line>
    <line>
      <![CDATA[LOG : INFO -Config File loaded]]>
    </line>
    <line>
      <![CDATA[LOG: INFO : Closing browser instances]]>
    </line>
    <line>
      <![CDATA[LOG: INFO : Browser instances closed]]>
    </line>
  </reporter-output>
  <suite started-at="2023-10-01T09:19:34 IST" name="Default suite" finished-at="2023-10-01T09:30:06 IST" duration-ms="632218">
    <groups>
    </groups>
    <test started-at="2023-10-01T09:19:34 IST" name="Default test" finished-at="2023-10-01T09:30:06 IST" duration-ms="632218">
      <class name="org.aia.testcases.ces.TestLoginAsExperienceUser">
        <test-method is-config="true" signature="setup()[pri:0, instance:org.aia.testcases.ces.TestLoginAsExperienceUser@6fdbe764]" started-at="2023-10-01T09:19:34 IST" name="setup" finished-at="2023-10-01T09:19:34 IST" duration-ms="20" status="PASS">
          <reporter-output>
          </reporter-output>
        </test-method> <!-- setup -->
        <test-method is-config="true" signature="initialTestSetup()[pri:0, instance:org.aia.testcases.ces.TestLoginAsExperienceUser@6fdbe764]" started-at="2023-10-01T09:19:34 IST" name="initialTestSetup" finished-at="2023-10-01T09:19:34 IST" duration-ms="2" status="PASS">
          <reporter-output>
          </reporter-output>
        </test-method> <!-- initialTestSetup -->
        <test-method is-config="true" signature="setupBrowser()[pri:0, instance:org.aia.testcases.ces.TestLoginAsExperienceUser@6fdbe764]" started-at="2023-10-01T09:19:34 IST" name="setupBrowser" finished-at="2023-10-01T09:19:34 IST" duration-ms="5" status="PASS">
          <reporter-output>
            <line>
              <![CDATA[LOG: INFO : Creating browser instances]]>
            </line>
            <line>
              <![CDATA[LOG: INFO : Browser instance is ready ]]>
            </line>
          </reporter-output>
        </test-method> <!-- setupBrowser -->
        <test-method is-config="true" signature="setUp()[pri:0, instance:org.aia.testcases.ces.TestLoginAsExperienceUser@6fdbe764]" started-at="2023-10-01T09:19:34 IST" name="setUp" finished-at="2023-10-01T09:19:53 IST" duration-ms="18420" status="PASS">
          <reporter-output>
            <line>
              <![CDATA[LOG : INFO -Config File loaded]]>
            </line>
            <line>
              <![CDATA[LOG : INFO -Config File loaded]]>
            </line>
            <line>
              <![CDATA[LOG : INFO -Config File loaded]]>
            </line>
            <line>
              <![CDATA[LOG : INFO -Config File loaded]]>
            </line>
            <line>
              <![CDATA[LOG : INFO -Config File loaded]]>
            </line>
            <line>
              <![CDATA[LOG : INFO -Config File loaded]]>
            </line>
            <line>
              <![CDATA[LOG : INFO -Config File loaded]]>
            </line>
            <line>
              <![CDATA[LOG : INFO -Config File loaded]]>
            </line>
            <line>
              <![CDATA[LOG : INFO -Config File loaded]]>
            </line>
            <line>
              <![CDATA[LOG : INFO -Config File loaded]]>
            </line>
            <line>
              <![CDATA[LOG : INFO -Config File loaded]]>
            </line>
            <line>
              <![CDATA[LOG : INFO -Config File loaded]]>
            </line>
            <line>
              <![CDATA[LOG : INFO -Config File loaded]]>
            </line>
            <line>
              <![CDATA[LOG : INFO -Config File loaded]]>
            </line>
            <line>
              <![CDATA[LOG : INFO -Config File loaded]]>
            </line>
            <line>
              <![CDATA[LOG : INFO -Config File loaded]]>
            </line>
          </reporter-output>
        </test-method> <!-- setUp -->
        <test-method signature="verifyLoginAsExpUserCESAIAComponent()[pri:2, instance:org.aia.testcases.ces.TestLoginAsExperienceUser@6fdbe764]" started-at="2023-10-01T09:19:53 IST" name="verifyLoginAsExpUserCESAIAComponent" description="Validate Login experience user as CES AIA Component." finished-at="2023-10-01T09:30:06 IST" duration-ms="613726" status="FAIL">
          <exception class="java.lang.AssertionError">
            <message>
              <![CDATA[expected [2023-10-01] but found [2023-09-30]]]>
            </message>
            <full-stacktrace>
              <![CDATA[java.lang.AssertionError: expected [2023-10-01] but found [2023-09-30]
at org.testng.Assert.fail(Assert.java:99)
at org.testng.Assert.failNotEquals(Assert.java:1037)
at org.testng.Assert.assertEqualsImpl(Assert.java:140)
at org.testng.Assert.assertEquals(Assert.java:122)
at org.testng.Assert.assertEquals(Assert.java:629)
at org.testng.Assert.assertEquals(Assert.java:639)
at org.aia.pages.api.ces.RenewCESAPIValidation.verifySalesOrder(RenewCESAPIValidation.java:331)
at org.aia.testcases.ces.TestLoginAsExperienceUser.verifyLoginAsExpUserCESAIAComponent(TestLoginAsExperienceUser.java:208)
at java.base/jdk.internal.reflect.DirectMethodHandleAccessor.invoke(DirectMethodHandleAccessor.java:104)
at java.base/java.lang.reflect.Method.invoke(Method.java:578)
at org.testng.internal.MethodInvocationHelper.invokeMethod(MethodInvocationHelper.java:132)
at org.testng.internal.TestInvoker.invokeMethod(TestInvoker.java:599)
at org.testng.internal.TestInvoker.invokeTestMethod(TestInvoker.java:174)
at org.testng.internal.MethodRunner.runInSequence(MethodRunner.java:46)
at org.testng.internal.TestInvoker$MethodInvocationAgent.invoke(TestInvoker.java:822)
at org.testng.internal.TestInvoker.invokeTestMethods(TestInvoker.java:147)
at org.testng.internal.TestMethodWorker.invokeTestMethods(TestMethodWorker.java:146)
at org.testng.internal.TestMethodWorker.run(TestMethodWorker.java:128)
at java.base/java.util.ArrayList.forEach(ArrayList.java:1511)
at org.testng.TestRunner.privateRun(TestRunner.java:764)
at org.testng.TestRunner.run(TestRunner.java:585)
at org.testng.SuiteRunner.runTest(SuiteRunner.java:384)
at org.testng.SuiteRunner.runSequentially(SuiteRunner.java:378)
at org.testng.SuiteRunner.privateRun(SuiteRunner.java:337)
at org.testng.SuiteRunner.run(SuiteRunner.java:286)
at org.testng.SuiteRunnerWorker.runSuite(SuiteRunnerWorker.java:53)
at org.testng.SuiteRunnerWorker.run(SuiteRunnerWorker.java:96)
at org.testng.TestNG.runSuitesSequentially(TestNG.java:1218)
at org.testng.TestNG.runSuitesLocally(TestNG.java:1140)
at org.testng.TestNG.runSuites(TestNG.java:1069)
at org.testng.TestNG.run(TestNG.java:1037)
at org.testng.remote.AbstractRemoteTestNG.run(AbstractRemoteTestNG.java:115)
at org.testng.remote.RemoteTestNG.initAndRun(RemoteTestNG.java:251)
at org.testng.remote.RemoteTestNG.main(RemoteTestNG.java:77)
]]>
            </full-stacktrace>
          </exception> <!-- java.lang.AssertionError -->
          <reporter-output>
            <line>
              <![CDATA[LOG : INFO -Config File loaded]]>
            </line>
            <line>
              <![CDATA[LOG : INFO -Config File loaded]]>
            </line>
            <line>
              <![CDATA[LOG : INFO -Config File loaded]]>
            </line>
            <line>
              <![CDATA[LOG : INFO -Config File loaded]]>
            </line>
          </reporter-output>
        </test-method> <!-- verifyLoginAsExpUserCESAIAComponent -->
        <test-method is-config="true" signature="teardown()[pri:0, instance:org.aia.testcases.ces.TestLoginAsExperienceUser@6fdbe764]" started-at="2023-10-01T09:30:06 IST" name="teardown" finished-at="2023-10-01T09:30:06 IST" duration-ms="1" status="PASS">
          <reporter-output>
          </reporter-output>
        </test-method> <!-- teardown -->
        <test-method is-config="true" signature="tearDown(org.testng.ITestResult)[pri:0, instance:org.aia.testcases.ces.TestLoginAsExperienceUser@6fdbe764]" started-at="2023-10-01T09:30:06 IST" name="tearDown" finished-at="2023-10-01T09:30:06 IST" duration-ms="3" status="PASS">
          <params>
            <param index="0">
              <value>
                <![CDATA[[TestResult name=verifyLoginAsExpUserCESAIAComponent status=FAILURE method=TestLoginAsExperienceUser.verifyLoginAsExpUserCESAIAComponent()[pri:2, instance:org.aia.testcases.ces.TestLoginAsExperienceUser@6fdbe764] output=LOG : INFO -Config File loaded]]]>
              </value>
            </param>
          </params>
          <reporter-output>
          </reporter-output>
        </test-method> <!-- tearDown -->
        <test-method is-config="true" signature="tearDown()[pri:0, instance:org.aia.testcases.ces.TestLoginAsExperienceUser@6fdbe764]" started-at="2023-10-01T09:30:06 IST" name="tearDown" finished-at="2023-10-01T09:30:06 IST" duration-ms="1" status="PASS">
          <reporter-output>
            <line>
              <![CDATA[LOG: INFO : Closing browser instances]]>
            </line>
            <line>
              <![CDATA[LOG: INFO : Browser instances closed]]>
            </line>
          </reporter-output>
        </test-method> <!-- tearDown -->
        <test-method is-config="true" signature="finalTestTearDown()[pri:0, instance:org.aia.testcases.ces.TestLoginAsExperienceUser@6fdbe764]" started-at="2023-10-01T09:30:06 IST" name="finalTestTearDown" finished-at="2023-10-01T09:30:06 IST" duration-ms="0" status="PASS">
          <reporter-output>
          </reporter-output>
        </test-method> <!-- finalTestTearDown -->
      </class> <!-- org.aia.testcases.ces.TestLoginAsExperienceUser -->
    </test> <!-- Default test -->
  </suite> <!-- Default suite -->
</testng-results>
