<?xml version="1.0" encoding="UTF-8"?>
<testng-results ignored="0" total="2" passed="2" failed="0" skipped="0">
  <reporter-output>
  </reporter-output>
  <suite started-at="2023-11-20T20:52:05 IST" name="Suite" finished-at="2023-11-20T20:53:11 IST" duration-ms="66734">
    <groups>
    </groups>
    <test started-at="2023-11-20T20:52:05 IST" name="Events.xml" finished-at="2023-11-20T20:53:11 IST" duration-ms="66734">
      <class name="org.aia.testcases.ces.SampleTest">
        <test-method signature="Test1()[pri:1, instance:org.aia.testcases.ces.SampleTest@49139829]" started-at="2023-11-20T20:52:05 IST" name="Test1" description="Validate Online JOIN for Architecture Firm using credit card." finished-at="2023-11-20T20:53:05 IST" duration-ms="60027" status="PASS">
          <reporter-output>
          </reporter-output>
        </test-method> <!-- Test1 -->
        <test-method signature="Test2()[pri:2, instance:org.aia.testcases.ces.SampleTest@49139829]" started-at="2023-11-20T20:53:05 IST" name="Test2" description="Validate Online JOIN for Architecture Firm using Echeck." finished-at="2023-11-20T20:53:11 IST" duration-ms="6013" status="PASS">
          <reporter-output>
          </reporter-output>
        </test-method> <!-- Test2 -->
      </class> <!-- org.aia.testcases.ces.SampleTest -->
    </test> <!-- Events.xml -->
  </suite> <!-- Suite -->
</testng-results>
